# JRE version: OpenJDK Runtime Environment (11.0.13) (build 11.0.13+0-b1751.21-8125866)
# Java VM: OpenJDK 64-Bit Server VM (11.0.13+0-b1751.21-8125866, mixed mode, tiered, compressed oops, g1 gc, windows-amd64)
Heap:
 garbage-first heap   total 583680K, used 213328K [0x0000000700000000, 0x0000000800000000)
  region size 1024K, 3 young (3072K), 3 survivors (3072K)
 Metaspace       used 106524K, capacity 112499K, committed 112840K, reserved 1146880K
  class space    used 14108K, capacity 15929K, committed 16032K, reserved 1048576K
GC Heap History (20 events):
Event: 100.669 GC heap after
{Heap after GC invocations=108 (full 0):
 garbage-first heap   total 242688K, used 168684K [0x0000000700000000, 0x0000000800000000)
  region size 1024K, 1 young (1024K), 1 survivors (1024K)
 Metaspace       used 96395K, capacity 101895K, committed 101968K, reserved 1136640K
  class space    used 12804K, capacity 14489K, committed 14496K, reserved 1048576K
}
Event: 101.311 GC heap before
{Heap before GC invocations=108 (full 0):
 garbage-first heap   total 242688K, used 189164K [0x0000000700000000, 0x0000000800000000)
  region size 1024K, 21 young (21504K), 1 survivors (1024K)
 Metaspace       used 96753K, capacity 102443K, committed 102608K, reserved 1136640K
  class space    used 12843K, capacity 14551K, committed 14624K, reserved 1048576K
}
Event: 101.326 GC heap after
{Heap after GC invocations=109 (full 0):
 garbage-first heap   total 242688K, used 174080K [0x0000000700000000, 0x0000000800000000)
  region size 1024K, 3 young (3072K), 3 survivors (3072K)
 Metaspace       used 96753K, capacity 102443K, committed 102608K, reserved 1136640K
  class space    used 12843K, capacity 14551K, committed 14624K, reserved 1048576K
}
Event: 102.593 GC heap before
{Heap before GC invocations=109 (full 0):
 garbage-first heap   total 242688K, used 193536K [0x0000000700000000, 0x0000000800000000)
  region size 1024K, 22 young (22528K), 3 survivors (3072K)
 Metaspace       used 98297K, capacity 103952K, committed 104144K, reserved 1138688K
  class space    used 13074K, capacity 14792K, committed 14880K, reserved 1048576K
}
Event: 102.607 GC heap after
{Heap after GC invocations=110 (full 0):
 garbage-first heap   total 242688K, used 175725K [0x0000000700000000, 0x0000000800000000)
  region size 1024K, 2 young (2048K), 2 survivors (2048K)
 Metaspace       used 98297K, capacity 103952K, committed 104144K, reserved 1138688K
  class space    used 13074K, capacity 14792K, committed 14880K, reserved 1048576K
}
Event: 103.651 GC heap before
{Heap before GC invocations=110 (full 0):
 garbage-first heap   total 242688K, used 196205K [0x0000000700000000, 0x0000000800000000)
  region size 1024K, 22 young (22528K), 2 survivors (2048K)
 Metaspace       used 101280K, capacity 106988K, committed 107088K, reserved 1140736K
  class space    used 13488K, capacity 15196K, committed 15264K, reserved 1048576K
}
Event: 103.658 GC heap after
{Heap after GC invocations=111 (full 0):
 garbage-first heap   total 242688K, used 176781K [0x0000000700000000, 0x0000000800000000)
  region size 1024K, 3 young (3072K), 3 survivors (3072K)
 Metaspace       used 101280K, capacity 106988K, committed 107088K, reserved 1140736K
  class space    used 13488K, capacity 15196K, committed 15264K, reserved 1048576K
}
Event: 104.362 GC heap before
{Heap before GC invocations=111 (full 0):
 garbage-first heap   total 242688K, used 198285K [0x0000000700000000, 0x0000000800000000)
  region size 1024K, 24 young (24576K), 3 survivors (3072K)
 Metaspace       used 102705K, capacity 108343K, committed 108496K, reserved 1142784K
  class space    used 13644K, capacity 15390K, committed 15392K, reserved 1048576K
}
Event: 104.370 GC heap after
{Heap after GC invocations=112 (full 0):
 garbage-first heap   total 242688K, used 178063K [0x0000000700000000, 0x0000000800000000)
  region size 1024K, 3 young (3072K), 3 survivors (3072K)
 Metaspace       used 102705K, capacity 108343K, committed 108496K, reserved 1142784K
  class space    used 13644K, capacity 15390K, committed 15392K, reserved 1048576K
}
Event: 105.200 GC heap before
{Heap before GC invocations=112 (full 0):
 garbage-first heap   total 242688K, used 200591K [0x0000000700000000, 0x0000000800000000)
  region size 1024K, 25 young (25600K), 3 survivors (3072K)
 Metaspace       used 103974K, capacity 109600K, committed 109776K, reserved 1142784K
  class space    used 13809K, capacity 15570K, committed 15648K, reserved 1048576K
}
Event: 105.213 GC heap after
{Heap after GC invocations=113 (full 0):
 garbage-first heap   total 242688K, used 180372K [0x0000000700000000, 0x0000000800000000)
  region size 1024K, 4 young (4096K), 4 survivors (4096K)
 Metaspace       used 103974K, capacity 109600K, committed 109776K, reserved 1142784K
  class space    used 13809K, capacity 15570K, committed 15648K, reserved 1048576K
}
Event: 106.201 GC heap before
{Heap before GC invocations=113 (full 0):
 garbage-first heap   total 242688K, used 202900K [0x0000000700000000, 0x0000000800000000)
  region size 1024K, 26 young (26624K), 4 survivors (4096K)
 Metaspace       used 104577K, capacity 110403K, committed 110544K, reserved 1144832K
  class space    used 13852K, capacity 15641K, committed 15648K, reserved 1048576K
}
Event: 106.250 GC heap after
{Heap after GC invocations=114 (full 0):
 garbage-first heap   total 291840K, used 186835K [0x0000000700000000, 0x0000000800000000)
  region size 1024K, 4 young (4096K), 4 survivors (4096K)
 Metaspace       used 104577K, capacity 110403K, committed 110544K, reserved 1144832K
  class space    used 13852K, capacity 15641K, committed 15648K, reserved 1048576K
}
Event: 109.239 GC heap before
{Heap before GC invocations=114 (full 0):
 garbage-first heap   total 291840K, used 226771K [0x0000000700000000, 0x0000000800000000)
  region size 1024K, 44 young (45056K), 4 survivors (4096K)
 Metaspace       used 104943K, capacity 110729K, committed 110928K, reserved 1144832K
  class space    used 13881K, capacity 15657K, committed 15776K, reserved 1048576K
}
Event: 109.477 GC heap after
{Heap after GC invocations=115 (full 0):
 garbage-first heap   total 291840K, used 198541K [0x0000000700000000, 0x0000000800000000)
  region size 1024K, 6 young (6144K), 6 survivors (6144K)
 Metaspace       used 104943K, capacity 110729K, committed 110928K, reserved 1144832K
  class space    used 13881K, capacity 15657K, committed 15776K, reserved 1048576K
}
Event: 111.047 GC heap before
{Heap before GC invocations=115 (full 0):
 garbage-first heap   total 291840K, used 234381K [0x0000000700000000, 0x0000000800000000)
  region size 1024K, 41 young (41984K), 6 survivors (6144K)
 Metaspace       used 105781K, capacity 111700K, committed 111824K, reserved 1144832K
  class space    used 13994K, capacity 15799K, committed 15904K, reserved 1048576K
}
Event: 111.079 GC heap after
{Heap after GC invocations=116 (full 0):
 garbage-first heap   total 291840K, used 207872K [0x0000000700000000, 0x0000000800000000)
  region size 1024K, 6 young (6144K), 6 survivors (6144K)
 Metaspace       used 105781K, capacity 111700K, committed 111824K, reserved 1144832K
  class space    used 13994K, capacity 15799K, committed 15904K, reserved 1048576K
}
Event: 111.294 GC heap before
{Heap before GC invocations=116 (full 0):
 garbage-first heap   total 291840K, used 211968K [0x0000000700000000, 0x0000000800000000)
  region size 1024K, 11 young (11264K), 6 survivors (6144K)
 Metaspace       used 105921K, capacity 111869K, committed 111920K, reserved 1144832K
  class space    used 14022K, capacity 15853K, committed 15904K, reserved 1048576K
}
Event: 111.342 GC heap after
{Heap after GC invocations=117 (full 0):
 garbage-first heap   total 291840K, used 210517K [0x0000000700000000, 0x0000000800000000)
  region size 1024K, 2 young (2048K), 2 survivors (2048K)
 Metaspace       used 105921K, capacity 111869K, committed 111920K, reserved 1144832K
  class space    used 14022K, capacity 15853K, committed 15904K, reserved 1048576K
}
Event: 111.897 GC heap before
{Heap before GC invocations=117 (full 0):
 garbage-first heap   total 291840K, used 232021K [0x0000000700000000, 0x0000000800000000)
  region size 1024K, 24 young (24576K), 2 survivors (2048K)
 Metaspace       used 106524K, capacity 112499K, committed 112840K, reserved 1146880K
  class space    used 14108K, capacity 15929K, committed 16032K, reserved 1048576K
}

