# JRE version: OpenJDK Runtime Environment (11.0.13) (build 11.0.13+0-b1751.21-8125866)
# Java VM: OpenJDK 64-Bit Server VM (11.0.13+0-b1751.21-8125866, mixed mode, tiered, compressed oops, g1 gc, windows-amd64)
Heap:
 garbage-first heap   total 218112K, used 106808K [0x0000000700000000, 0x0000000800000000)
  region size 1024K, 8 young (8192K), 8 survivors (8192K)
 Metaspace       used 92666K, capacity 95841K, committed 96080K, reserved 1132544K
  class space    used 12268K, capacity 13393K, committed 13472K, reserved 1048576K
GC Heap History (20 events):
Event: 49.162 GC heap after
{Heap after GC invocations=70 (full 0):
 garbage-first heap   total 121856K, used 72052K [0x0000000700000000, 0x0000000800000000)
  region size 1024K, 3 young (3072K), 3 survivors (3072K)
 Metaspace       used 74805K, capacity 77118K, committed 77264K, reserved 1116160K
  class space    used 9668K, capacity 10515K, committed 10528K, reserved 1048576K
}
Event: 49.532 GC heap before
{Heap before GC invocations=71 (full 0):
 garbage-first heap   total 121856K, used 82292K [0x0000000700000000, 0x0000000800000000)
  region size 1024K, 16 young (16384K), 3 survivors (3072K)
 Metaspace       used 75749K, capacity 78087K, committed 78160K, reserved 1116160K
  class space    used 9798K, capacity 10645K, committed 10656K, reserved 1048576K
}
Event: 49.542 GC heap after
{Heap after GC invocations=72 (full 0):
 garbage-first heap   total 121856K, used 71858K [0x0000000700000000, 0x0000000800000000)
  region size 1024K, 3 young (3072K), 3 survivors (3072K)
 Metaspace       used 75749K, capacity 78087K, committed 78160K, reserved 1116160K
  class space    used 9798K, capacity 10645K, committed 10656K, reserved 1048576K
}
Event: 50.489 GC heap before
{Heap before GC invocations=73 (full 0):
 garbage-first heap   total 121856K, used 95410K [0x0000000700000000, 0x0000000800000000)
  region size 1024K, 25 young (25600K), 3 survivors (3072K)
 Metaspace       used 77232K, capacity 79613K, committed 79696K, reserved 1118208K
  class space    used 10014K, capacity 10901K, committed 10912K, reserved 1048576K
}
Event: 50.495 GC heap after
{Heap after GC invocations=74 (full 0):
 garbage-first heap   total 150528K, used 71936K [0x0000000700000000, 0x0000000800000000)
  region size 1024K, 3 young (3072K), 3 survivors (3072K)
 Metaspace       used 77232K, capacity 79613K, committed 79696K, reserved 1118208K
  class space    used 10014K, capacity 10901K, committed 10912K, reserved 1048576K
}
Event: 52.043 GC heap before
{Heap before GC invocations=74 (full 0):
 garbage-first heap   total 150528K, used 111872K [0x0000000700000000, 0x0000000800000000)
  region size 1024K, 42 young (43008K), 3 survivors (3072K)
 Metaspace       used 79449K, capacity 81842K, committed 82128K, reserved 1120256K
  class space    used 10315K, capacity 11194K, committed 11296K, reserved 1048576K
}
Event: 52.050 GC heap after
{Heap after GC invocations=75 (full 0):
 garbage-first heap   total 150528K, used 72989K [0x0000000700000000, 0x0000000800000000)
  region size 1024K, 4 young (4096K), 4 survivors (4096K)
 Metaspace       used 79449K, capacity 81842K, committed 82128K, reserved 1120256K
  class space    used 10315K, capacity 11194K, committed 11296K, reserved 1048576K
}
Event: 53.361 GC heap before
{Heap before GC invocations=76 (full 0):
 garbage-first heap   total 150528K, used 118045K [0x0000000700000000, 0x0000000800000000)
  region size 1024K, 48 young (49152K), 4 survivors (4096K)
 Metaspace       used 81155K, capacity 83660K, committed 83920K, reserved 1122304K
  class space    used 10539K, capacity 11430K, committed 11552K, reserved 1048576K
}
Event: 53.374 GC heap after
{Heap after GC invocations=77 (full 0):
 garbage-first heap   total 150528K, used 75268K [0x0000000700000000, 0x0000000800000000)
  region size 1024K, 5 young (5120K), 5 survivors (5120K)
 Metaspace       used 81155K, capacity 83660K, committed 83920K, reserved 1122304K
  class space    used 10539K, capacity 11430K, committed 11552K, reserved 1048576K
}
Event: 54.694 GC heap before
{Heap before GC invocations=77 (full 0):
 garbage-first heap   total 150528K, used 121348K [0x0000000700000000, 0x0000000800000000)
  region size 1024K, 50 young (51200K), 5 survivors (5120K)
 Metaspace       used 81811K, capacity 84488K, committed 84560K, reserved 1122304K
  class space    used 10654K, capacity 11614K, committed 11680K, reserved 1048576K
}
Event: 54.713 GC heap after
{Heap after GC invocations=78 (full 0):
 garbage-first heap   total 150528K, used 77493K [0x0000000700000000, 0x0000000800000000)
  region size 1024K, 6 young (6144K), 6 survivors (6144K)
 Metaspace       used 81811K, capacity 84488K, committed 84560K, reserved 1122304K
  class space    used 10654K, capacity 11614K, committed 11680K, reserved 1048576K
}
Event: 55.841 GC heap before
{Heap before GC invocations=79 (full 0):
 garbage-first heap   total 150528K, used 123573K [0x0000000700000000, 0x0000000800000000)
  region size 1024K, 51 young (52224K), 6 survivors (6144K)
 Metaspace       used 82256K, capacity 84883K, committed 85072K, reserved 1122304K
  class space    used 10707K, capacity 11680K, committed 11680K, reserved 1048576K
}
Event: 55.862 GC heap after
{Heap after GC invocations=80 (full 0):
 garbage-first heap   total 181248K, used 80718K [0x0000000700000000, 0x0000000800000000)
  region size 1024K, 6 young (6144K), 6 survivors (6144K)
 Metaspace       used 82256K, capacity 84883K, committed 85072K, reserved 1122304K
  class space    used 10707K, capacity 11680K, committed 11680K, reserved 1048576K
}
Event: 58.619 GC heap before
{Heap before GC invocations=80 (full 0):
 garbage-first heap   total 181248K, used 138062K [0x0000000700000000, 0x0000000800000000)
  region size 1024K, 62 young (63488K), 6 survivors (6144K)
 Metaspace       used 87537K, capacity 90231K, committed 90320K, reserved 1126400K
  class space    used 11572K, capacity 12558K, committed 12576K, reserved 1048576K
}
Event: 58.633 GC heap after
{Heap after GC invocations=81 (full 0):
 garbage-first heap   total 181248K, used 84309K [0x0000000700000000, 0x0000000800000000)
  region size 1024K, 7 young (7168K), 7 survivors (7168K)
 Metaspace       used 87537K, capacity 90231K, committed 90320K, reserved 1126400K
  class space    used 11572K, capacity 12558K, committed 12576K, reserved 1048576K
}
Event: 60.729 GC heap before
{Heap before GC invocations=81 (full 0):
 garbage-first heap   total 181248K, used 142677K [0x0000000700000000, 0x0000000800000000)
  region size 1024K, 64 young (65536K), 7 survivors (7168K)
 Metaspace       used 89331K, capacity 91964K, committed 92112K, reserved 1128448K
  class space    used 11823K, capacity 12770K, committed 12832K, reserved 1048576K
}
Event: 60.747 GC heap after
{Heap after GC invocations=82 (full 0):
 garbage-first heap   total 181248K, used 89205K [0x0000000700000000, 0x0000000800000000)
  region size 1024K, 8 young (8192K), 8 survivors (8192K)
 Metaspace       used 89331K, capacity 91964K, committed 92112K, reserved 1128448K
  class space    used 11823K, capacity 12770K, committed 12832K, reserved 1048576K
}
Event: 69.229 GC heap before
{Heap before GC invocations=82 (full 0):
 garbage-first heap   total 181248K, used 141429K [0x0000000700000000, 0x0000000800000000)
  region size 1024K, 61 young (62464K), 8 survivors (8192K)
 Metaspace       used 91286K, capacity 94207K, committed 94544K, reserved 1130496K
  class space    used 12061K, capacity 13126K, committed 13216K, reserved 1048576K
}
Event: 69.332 GC heap after
{Heap after GC invocations=83 (full 0):
 garbage-first heap   total 181248K, used 94119K [0x0000000700000000, 0x0000000800000000)
  region size 1024K, 6 young (6144K), 6 survivors (6144K)
 Metaspace       used 91286K, capacity 94207K, committed 94544K, reserved 1130496K
  class space    used 12061K, capacity 13126K, committed 13216K, reserved 1048576K
}
Event: 80.575 GC heap before
{Heap before GC invocations=84 (full 0):
 garbage-first heap   total 181248K, used 151463K [0x0000000700000000, 0x0000000800000000)
  region size 1024K, 59 young (60416K), 6 survivors (6144K)
 Metaspace       used 92666K, capacity 95841K, committed 96080K, reserved 1132544K
  class space    used 12268K, capacity 13393K, committed 13472K, reserved 1048576K
}

